<?xml version="1.0" encoding="UTF-8"?>
<testng-results skipped="0" failed="0" ignored="0" total="1" passed="1">
  <reporter-output>
  </reporter-output>
  <suite name="Default suite" duration-ms="41" started-at="2018-04-04T10:24:31Z" finished-at="2018-04-04T10:24:31Z">
    <groups>
    </groups>
    <test name="Default test" duration-ms="41" started-at="2018-04-04T10:24:31Z" finished-at="2018-04-04T10:24:31Z">
      <class name="com.cognive.core.BuildValidationTest">
        <test-method status="PASS" signature="doTest()[pri:0, instance:com.cognive.core.BuildValidationTest@5f375618]" name="doTest" duration-ms="8" started-at="2018-04-04T10:24:31Z" finished-at="2018-04-04T10:24:31Z">
          <reporter-output>
          </reporter-output>
        </test-method> <!-- doTest -->
      </class> <!-- com.cognive.core.BuildValidationTest -->
    </test> <!-- Default test -->
  </suite> <!-- Default suite -->
</testng-results>
